{"numFailedTestSuites":0,"numFailedTests":0,"numPassedTestSuites":26,"numPassedTests":126,"numPendingTestSuites":0,"numPendingTests":0,"numRuntimeErrorTestSuites":0,"numTodoTests":0,"numTotalTestSuites":26,"numTotalTests":126,"openHandles":[],"snapshot":{"added":0,"didUpdate":false,"failure":false,"filesAdded":0,"filesRemoved":0,"filesRemovedList":[],"filesUnmatched":0,"filesUpdated":0,"matched":0,"total":0,"unchecked":0,"uncheckedKeysByFile":[],"unmatched":0,"updated":0},"startTime":1760365434735,"success":true,"testResults":[{"assertionResults":[{"ancestorTitles":["Electron API"],"duration":46,"failing":false,"failureDetails":[],"failureMessages":[],"fullName":"Electron API exposes electronAPI in main world","invocations":1,"location":null,"numPassingAsserts":1,"retryReasons":[],"startAt":1760365458073,"status":"passed","title":"exposes electronAPI in main world"},{"ancestorTitles":["Electron API"],"duration":1,"failing":false,"failureDetails":[],"failureMessages":[],"fullName":"Electron API adds toggle dark mode listener","invocations":1,"location":null,"numPassingAsserts":1,"retryReasons":[],"startAt":1760365458120,"status":"passed","title":"adds toggle dark mode listener"},{"ancestorTitles":["Electron API"],"duration":1,"failing":false,"failureDetails":[],"failureMessages":[],"fullName":"Electron API removes toggle dark mode listener","invocations":1,"location":null,"numPassingAsserts":1,"retryReasons":[],"startAt":1760365458122,"status":"passed","title":"removes toggle dark mode listener"},{"ancestorTitles":["Electron API"],"duration":1,"failing":false,"failureDetails":[],"failureMessages":[],"fullName":"Electron API adds error listener with valid callback","invocations":1,"location":null,"numPassingAsserts":2,"retryReasons":[],"startAt":1760365458123,"status":"passed","title":"adds error listener with valid callback"},{"ancestorTitles":["Electron API"],"duration":2,"failing":false,"failureDetails":[],"failureMessages":[],"fullName":"Electron API does not add error listener without valid callback","invocations":1,"location":null,"numPassingAsserts":1,"retryReasons":[],"startAt":1760365458131,"status":"passed","title":"does not add error listener without valid callback"},{"ancestorTitles":["Electron API"],"duration":1,"failing":false,"failureDetails":[],"failureMessages":[],"fullName":"Electron API removes error listener","invocations":1,"location":null,"numPassingAsserts":1,"retryReasons":[],"startAt":1760365458134,"status":"passed","title":"removes error listener"},{"ancestorTitles":["Electron API"],"duration":1,"failing":false,"failureDetails":[],"failureMessages":[],"fullName":"Electron API adds a generic event listener","invocations":1,"location":null,"numPassingAsserts":2,"retryReasons":[],"startAt":1760365458135,"status":"passed","title":"adds a generic event listener"},{"ancestorTitles":["Electron API"],"duration":10,"failing":false,"failureDetails":[],"failureMessages":[],"fullName":"Electron API removes a generic event listener","invocations":1,"location":null,"numPassingAsserts":1,"retryReasons":[],"startAt":1760365458136,"status":"passed","title":"removes a generic event listener"}],"endTime":1760365458151,"message":"","name":"C:\\Users\\au760410\\OneDrive - Aarhus universitet\\Desktop\\INTO-CPS-App_Forked\\into-cps-application\\tests\\unit\\electron\\electronApi.test.ts","startTime":1760365447488,"status":"passed","summary":""},{"assertionResults":[{"ancestorTitles":["ThemeContext"],"duration":95,"failing":false,"failureDetails":[],"failureMessages":[],"fullName":"ThemeContext registers and unregisters electronAPI listeners on mount/unmount","invocations":1,"location":null,"numPassingAsserts":4,"retryReasons":[],"startAt":1760365463676,"status":"passed","title":"registers and unregisters electronAPI listeners on mount/unmount"},{"ancestorTitles":["ThemeContext"],"duration":17,"failing":false,"failureDetails":[],"failureMessages":[],"fullName":"ThemeContext updates darkMode when dark-mode-update event is emitted","invocations":1,"location":null,"numPassingAsserts":3,"retryReasons":[],"startAt":1760365463772,"status":"passed","title":"updates darkMode when dark-mode-update event is emitted"},{"ancestorTitles":["ThemeContext"],"duration":17,"failing":false,"failureDetails":[],"failureMessages":[],"fullName":"ThemeContext toggleDarkMode calls electronAPI.toggleDarkMode","invocations":1,"location":null,"numPassingAsserts":1,"retryReasons":[],"startAt":1760365463789,"status":"passed","title":"toggleDarkMode calls electronAPI.toggleDarkMode"}],"endTime":1760365463808,"message":"","name":"C:\\Users\\au760410\\OneDrive - Aarhus universitet\\Desktop\\INTO-CPS-App_Forked\\into-cps-application\\tests\\unit\\contexts\\ThemeContext.test.tsx","startTime":1760365447502,"status":"passed","summary":""},{"assertionResults":[{"ancestorTitles":["EChart component"],"duration":57,"failing":false,"failureDetails":[],"failureMessages":[],"fullName":"EChart component should initialize echarts instance on mount","invocations":1,"location":null,"numPassingAsserts":1,"retryReasons":[],"startAt":1760365463853,"status":"passed","title":"should initialize echarts instance on mount"},{"ancestorTitles":["EChart component"],"duration":9,"failing":false,"failureDetails":[],"failureMessages":[],"fullName":"EChart component should register events passed in props","invocations":1,"location":null,"numPassingAsserts":2,"retryReasons":[],"startAt":1760365463911,"status":"passed","title":"should register events passed in props"},{"ancestorTitles":["EChart component"],"duration":7,"failing":false,"failureDetails":[],"failureMessages":[],"fullName":"EChart component should set option when option prop changes","invocations":1,"location":null,"numPassingAsserts":2,"retryReasons":[],"startAt":1760365463920,"status":"passed","title":"should set option when option prop changes"},{"ancestorTitles":["EChart component"],"duration":9,"failing":false,"failureDetails":[],"failureMessages":[],"fullName":"EChart component should call resize on ResizeObserver trigger","invocations":1,"location":null,"numPassingAsserts":1,"retryReasons":[],"startAt":1760365463927,"status":"passed","title":"should call resize on ResizeObserver trigger"},{"ancestorTitles":["EChart component"],"duration":12,"failing":false,"failureDetails":[],"failureMessages":[],"fullName":"EChart component should dispose chart and disconnect observer on unmount","invocations":1,"location":null,"numPassingAsserts":2,"retryReasons":[],"startAt":1760365463936,"status":"passed","title":"should dispose chart and disconnect observer on unmount"}],"endTime":1760365463968,"message":"","name":"C:\\Users\\au760410\\OneDrive - Aarhus universitet\\Desktop\\INTO-CPS-App_Forked\\into-cps-application\\tests\\unit\\components\\EChart.test.tsx","startTime":1760365447368,"status":"passed","summary":""},{"assertionResults":[{"ancestorTitles":["maestroUtils","getReadableTimestamp"],"duration":5,"failing":false,"failureDetails":[],"failureMessages":[],"fullName":"maestroUtils getReadableTimestamp returns a properly formatted timestamp","invocations":1,"location":null,"numPassingAsserts":1,"retryReasons":[],"startAt":1760365464776,"status":"passed","title":"returns a properly formatted timestamp"},{"ancestorTitles":["maestroUtils","getJavaCommand"],"duration":2,"failing":false,"failureDetails":[],"failureMessages":[],"fullName":"maestroUtils getJavaCommand returns java path if found","invocations":1,"location":null,"numPassingAsserts":2,"retryReasons":[],"startAt":1760365464786,"status":"passed","title":"returns java path if found"},{"ancestorTitles":["maestroUtils","getJavaCommand"],"duration":3,"failing":false,"failureDetails":[],"failureMessages":[],"fullName":"maestroUtils getJavaCommand returns fallback and logs warning if java not found","invocations":1,"location":null,"numPassingAsserts":2,"retryReasons":[],"startAt":1760365464788,"status":"passed","title":"returns fallback and logs warning if java not found"}],"endTime":1760365464803,"message":"","name":"C:\\Users\\au760410\\OneDrive - Aarhus universitet\\Desktop\\INTO-CPS-App_Forked\\into-cps-application\\tests\\unit\\utils\\processes\\maestroUtils.test.ts","startTime":1760365458265,"status":"passed","summary":""},{"assertionResults":[{"ancestorTitles":["maestro.ts","extractMaestroJar"],"duration":130,"failing":false,"failureDetails":[],"failureMessages":[],"fullName":"maestro.ts extractMaestroJar throws if maestroJarPath does not exist","invocations":1,"location":null,"numPassingAsserts":1,"retryReasons":[],"startAt":1760365464909,"status":"passed","title":"throws if maestroJarPath does not exist"},{"ancestorTitles":["maestro.ts","extractMaestroJar"],"duration":2,"failing":false,"failureDetails":[],"failureMessages":[],"fullName":"maestro.ts extractMaestroJar copies JAR if not already copied","invocations":1,"location":null,"numPassingAsserts":1,"retryReasons":[],"startAt":1760365465041,"status":"passed","title":"copies JAR if not already copied"},{"ancestorTitles":["maestro.ts","extractMaestroJar"],"duration":3,"failing":false,"failureDetails":[],"failureMessages":[],"fullName":"maestro.ts extractMaestroJar throws if copy fails","invocations":1,"location":null,"numPassingAsserts":1,"retryReasons":[],"startAt":1760365465043,"status":"passed","title":"throws if copy fails"},{"ancestorTitles":["maestro.ts","getLatestSimulationFolder"],"duration":2,"failing":false,"failureDetails":[],"failureMessages":[],"fullName":"maestro.ts getLatestSimulationFolder returns null if config or baseDir missing","invocations":1,"location":null,"numPassingAsserts":1,"retryReasons":[],"startAt":1760365465046,"status":"passed","title":"returns null if config or baseDir missing"},{"ancestorTitles":["maestro.ts","getLatestSimulationFolder"],"duration":1,"failing":false,"failureDetails":[],"failureMessages":[],"fullName":"maestro.ts getLatestSimulationFolder returns null if baseDir does not exist","invocations":1,"location":null,"numPassingAsserts":1,"retryReasons":[],"startAt":1760365465048,"status":"passed","title":"returns null if baseDir does not exist"},{"ancestorTitles":["maestro.ts","getLatestSimulationFolder"],"duration":2,"failing":false,"failureDetails":[],"failureMessages":[],"fullName":"maestro.ts getLatestSimulationFolder returns null if no simulation folders found","invocations":1,"location":null,"numPassingAsserts":1,"retryReasons":[],"startAt":1760365465050,"status":"passed","title":"returns null if no simulation folders found"},{"ancestorTitles":["maestro.ts","getLatestSimulationFolder"],"duration":2,"failing":false,"failureDetails":[],"failureMessages":[],"fullName":"maestro.ts getLatestSimulationFolder returns the most recent folder","invocations":1,"location":null,"numPassingAsserts":1,"retryReasons":[],"startAt":1760365465053,"status":"passed","title":"returns the most recent folder"},{"ancestorTitles":["maestro.ts","startSimulation"],"duration":2,"failing":false,"failureDetails":[],"failureMessages":[],"fullName":"maestro.ts startSimulation should return SimulationAlreadyInProgress","invocations":1,"location":null,"numPassingAsserts":1,"retryReasons":[],"startAt":1760365465055,"status":"passed","title":"should return SimulationAlreadyInProgress"},{"ancestorTitles":["maestro.ts","startSimulation"],"duration":2,"failing":false,"failureDetails":[],"failureMessages":[],"fullName":"maestro.ts startSimulation should throw if config is missing","invocations":1,"location":null,"numPassingAsserts":1,"retryReasons":[],"startAt":1760365465057,"status":"passed","title":"should throw if config is missing"},{"ancestorTitles":["maestro.ts","startSimulation"],"duration":35,"failing":false,"failureDetails":[],"failureMessages":[],"fullName":"maestro.ts startSimulation should throw if javaExecutable is not found","invocations":1,"location":null,"numPassingAsserts":2,"retryReasons":[],"startAt":1760365465059,"status":"passed","title":"should throw if javaExecutable is not found"},{"ancestorTitles":["maestro.ts","startSimulation"],"duration":2,"failing":false,"failureDetails":[],"failureMessages":[],"fullName":"maestro.ts startSimulation should return success if simulation completes","invocations":1,"location":null,"numPassingAsserts":2,"retryReasons":[],"startAt":1760365465094,"status":"passed","title":"should return success if simulation completes"},{"ancestorTitles":["maestro.ts","startSimulation"],"duration":1,"failing":false,"failureDetails":[],"failureMessages":[],"fullName":"maestro.ts startSimulation should return failure if simulation fails with exitCode","invocations":1,"location":null,"numPassingAsserts":2,"retryReasons":[],"startAt":1760365465096,"status":"passed","title":"should return failure if simulation fails with exitCode"},{"ancestorTitles":["maestro.ts","startSimulation"],"duration":9,"failing":false,"failureDetails":[],"failureMessages":[],"fullName":"maestro.ts startSimulation should handle non-Error exception object","invocations":1,"location":null,"numPassingAsserts":2,"retryReasons":[],"startAt":1760365465098,"status":"passed","title":"should handle non-Error exception object"},{"ancestorTitles":["maestro.ts","startSimulation"],"duration":1,"failing":false,"failureDetails":[],"failureMessages":[],"fullName":"maestro.ts startSimulation should log stderr errors","invocations":1,"location":null,"numPassingAsserts":1,"retryReasons":[],"startAt":1760365465107,"status":"passed","title":"should log stderr errors"},{"ancestorTitles":["maestro.ts","startSimulation"],"duration":1,"failing":false,"failureDetails":[],"failureMessages":[],"fullName":"maestro.ts startSimulation should handle exception in simulation","invocations":1,"location":null,"numPassingAsserts":2,"retryReasons":[],"startAt":1760365465109,"status":"passed","title":"should handle exception in simulation"}],"endTime":1760365465112,"message":"","name":"C:\\Users\\au760410\\OneDrive - Aarhus universitet\\Desktop\\INTO-CPS-App_Forked\\into-cps-application\\tests\\unit\\cosimulation\\maestro.test.ts","startTime":1760365452043,"status":"passed","summary":""},{"assertionResults":[{"ancestorTitles":["themes.ts"],"duration":23,"failing":false,"failureDetails":[],"failureMessages":[],"fullName":"themes.ts should create a light theme with correct palette","invocations":1,"location":null,"numPassingAsserts":5,"retryReasons":[],"startAt":1760365466153,"status":"passed","title":"should create a light theme with correct palette"},{"ancestorTitles":["themes.ts"],"duration":5,"failing":false,"failureDetails":[],"failureMessages":[],"fullName":"themes.ts should create a dark theme with correct palette","invocations":1,"location":null,"numPassingAsserts":5,"retryReasons":[],"startAt":1760365466177,"status":"passed","title":"should create a dark theme with correct palette"}],"endTime":1760365466189,"message":"","name":"C:\\Users\\au760410\\OneDrive - Aarhus universitet\\Desktop\\INTO-CPS-App_Forked\\into-cps-application\\tests\\unit\\themes.test.ts","startTime":1760365447852,"status":"passed","summary":""},{"assertionResults":[{"ancestorTitles":["menu.ts"],"duration":14,"failing":false,"failureDetails":[],"failureMessages":[],"fullName":"menu.ts should create menu and handle project selection","invocations":1,"location":null,"numPassingAsserts":4,"retryReasons":[],"startAt":1760365466242,"status":"passed","title":"should create menu and handle project selection"},{"ancestorTitles":["menu.ts"],"duration":1,"failing":false,"failureDetails":[],"failureMessages":[],"fullName":"menu.ts should update cosimulation menu by calling createTopMenu","invocations":1,"location":null,"numPassingAsserts":1,"retryReasons":[],"startAt":1760365466257,"status":"passed","title":"should update cosimulation menu by calling createTopMenu"},{"ancestorTitles":["menu.ts"],"duration":2,"failing":false,"failureDetails":[],"failureMessages":[],"fullName":"menu.ts should toggle dark mode if webContents exists","invocations":1,"location":null,"numPassingAsserts":2,"retryReasons":[],"startAt":1760365466258,"status":"passed","title":"should toggle dark mode if webContents exists"},{"ancestorTitles":["menu.ts"],"duration":1,"failing":false,"failureDetails":[],"failureMessages":[],"fullName":"menu.ts should toggle dev tools if mainWindow exists","invocations":1,"location":null,"numPassingAsserts":1,"retryReasons":[],"startAt":1760365466260,"status":"passed","title":"should toggle dev tools if mainWindow exists"},{"ancestorTitles":["menu.ts"],"duration":2,"failing":false,"failureDetails":[],"failureMessages":[],"fullName":"menu.ts should send simulation event if webContents exists","invocations":1,"location":null,"numPassingAsserts":1,"retryReasons":[],"startAt":1760365466261,"status":"passed","title":"should send simulation event if webContents exists"}],"endTime":1760365466265,"message":"","name":"C:\\Users\\au760410\\OneDrive - Aarhus universitet\\Desktop\\INTO-CPS-App_Forked\\into-cps-application\\tests\\unit\\electron\\gui\\menu.test.ts","startTime":1760365447394,"status":"passed","summary":""},{"assertionResults":[{"ancestorTitles":["LivePlotting Component"],"duration":62,"failing":false,"failureDetails":[],"failureMessages":[],"fullName":"LivePlotting Component renders EChart with hook data","invocations":1,"location":null,"numPassingAsserts":1,"retryReasons":[],"startAt":1760365466735,"status":"passed","title":"renders EChart with hook data"},{"ancestorTitles":["LivePlotting Component"],"duration":66,"failing":false,"failureDetails":[],"failureMessages":[],"fullName":"LivePlotting Component applies darkMode correctly","invocations":1,"location":null,"numPassingAsserts":1,"retryReasons":[],"startAt":1760365466798,"status":"passed","title":"applies darkMode correctly"},{"ancestorTitles":["LivePlotting Component"],"duration":8,"failing":false,"failureDetails":[],"failureMessages":[],"fullName":"LivePlotting Component renders with autoZoomEnd","invocations":1,"location":null,"numPassingAsserts":1,"retryReasons":[],"startAt":1760365466864,"status":"passed","title":"renders with autoZoomEnd"}],"endTime":1760365466874,"message":"","name":"C:\\Users\\au760410\\OneDrive - Aarhus universitet\\Desktop\\INTO-CPS-App_Forked\\into-cps-application\\tests\\unit\\components\\LivePlotting.test.tsx","startTime":1760365447424,"status":"passed","summary":""},{"assertionResults":[{"ancestorTitles":["LivePlottingContainer"],"duration":26,"failing":false,"failureDetails":[],"failureMessages":[],"fullName":"LivePlottingContainer passes hook data and theme to LivePlotting component","invocations":1,"location":null,"numPassingAsserts":5,"retryReasons":[],"startAt":1760365466978,"status":"passed","title":"passes hook data and theme to LivePlotting component"}],"endTime":1760365467007,"message":"","name":"C:\\Users\\au760410\\OneDrive - Aarhus universitet\\Desktop\\INTO-CPS-App_Forked\\into-cps-application\\tests\\unit\\components\\LivePlotting\\LivePlottingContainer.test.tsx","startTime":1760365464041,"status":"passed","summary":""},{"assertionResults":[{"ancestorTitles":["config.ts"],"duration":5,"failing":false,"failureDetails":[],"failureMessages":[],"fullName":"config.ts should set project config correctly and create output folder","invocations":1,"location":null,"numPassingAsserts":2,"retryReasons":[],"startAt":1760365466994,"status":"passed","title":"should set project config correctly and create output folder"},{"ancestorTitles":["config.ts"],"duration":2,"failing":false,"failureDetails":[],"failureMessages":[],"fullName":"config.ts should copy config files if they exist","invocations":1,"location":null,"numPassingAsserts":2,"retryReasons":[],"startAt":1760365467000,"status":"passed","title":"should copy config files if they exist"},{"ancestorTitles":["config.ts"],"duration":1,"failing":false,"failureDetails":[],"failureMessages":[],"fullName":"config.ts should log error if file copy fails","invocations":1,"location":null,"numPassingAsserts":1,"retryReasons":[],"startAt":1760365467003,"status":"passed","title":"should log error if file copy fails"},{"ancestorTitles":["config.ts"],"duration":14,"failing":false,"failureDetails":[],"failureMessages":[],"fullName":"config.ts getConfig should return null if not set","invocations":1,"location":null,"numPassingAsserts":1,"retryReasons":[],"startAt":1760365467004,"status":"passed","title":"getConfig should return null if not set"}],"endTime":1760365467020,"message":"","name":"C:\\Users\\au760410\\OneDrive - Aarhus universitet\\Desktop\\INTO-CPS-App_Forked\\into-cps-application\\tests\\unit\\utils\\config.test.ts","startTime":1760365464923,"status":"passed","summary":""},{"assertionResults":[{"ancestorTitles":["index.tsx"],"duration":453,"failing":false,"failureDetails":[],"failureMessages":[],"fullName":"index.tsx renders the App component inside React.StrictMode","invocations":1,"location":null,"numPassingAsserts":2,"retryReasons":[],"startAt":1760365466601,"status":"passed","title":"renders the App component inside React.StrictMode"}],"endTime":1760365467056,"message":"","name":"C:\\Users\\au760410\\OneDrive - Aarhus universitet\\Desktop\\INTO-CPS-App_Forked\\into-cps-application\\tests\\unit\\index.test.tsx","startTime":1760365463869,"status":"passed","summary":""},{"assertionResults":[{"ancestorTitles":["useCosimulation hook"],"duration":81,"failing":false,"failureDetails":[],"failureMessages":[],"fullName":"useCosimulation hook updates simulation status when status changes","invocations":1,"location":null,"numPassingAsserts":1,"retryReasons":[],"startAt":1760365466919,"status":"passed","title":"updates simulation status when status changes"},{"ancestorTitles":["useCosimulation hook"],"duration":15,"failing":false,"failureDetails":[],"failureMessages":[],"fullName":"useCosimulation hook resets error and resultsPath on StartingSimulation","invocations":1,"location":null,"numPassingAsserts":4,"retryReasons":[],"startAt":1760365467001,"status":"passed","title":"resets error and resultsPath on StartingSimulation"},{"ancestorTitles":["useCosimulation hook"],"duration":17,"failing":false,"failureDetails":[],"failureMessages":[],"fullName":"useCosimulation hook clears resultsPath on Started status","invocations":1,"location":null,"numPassingAsserts":3,"retryReasons":[],"startAt":1760365467016,"status":"passed","title":"clears resultsPath on Started status"},{"ancestorTitles":["useCosimulation hook"],"duration":9,"failing":false,"failureDetails":[],"failureMessages":[],"fullName":"useCosimulation hook fetches results on simulation completion","invocations":1,"location":null,"numPassingAsserts":2,"retryReasons":[],"startAt":1760365467035,"status":"passed","title":"fetches results on simulation completion"},{"ancestorTitles":["useCosimulation hook"],"duration":20,"failing":false,"failureDetails":[],"failureMessages":[],"fullName":"useCosimulation hook handles missing results path gracefully","invocations":1,"location":null,"numPassingAsserts":2,"retryReasons":[],"startAt":1760365467045,"status":"passed","title":"handles missing results path gracefully"},{"ancestorTitles":["useCosimulation hook"],"duration":17,"failing":false,"failureDetails":[],"failureMessages":[],"fullName":"useCosimulation hook handles COE error and reset events","invocations":1,"location":null,"numPassingAsserts":6,"retryReasons":[],"startAt":1760365467065,"status":"passed","title":"handles COE error and reset events"}],"endTime":1760365467087,"message":"","name":"C:\\Users\\au760410\\OneDrive - Aarhus universitet\\Desktop\\INTO-CPS-App_Forked\\into-cps-application\\tests\\unit\\components\\Cosimulation\\useCosimulation.test.ts","startTime":1760365447419,"status":"passed","summary":""},{"assertionResults":[{"ancestorTitles":["window.ts"],"duration":914,"failing":false,"failureDetails":[],"failureMessages":[],"fullName":"window.ts should create a browser window and load URL","invocations":1,"location":null,"numPassingAsserts":1,"retryReasons":[],"startAt":1760365466247,"status":"passed","title":"should create a browser window and load URL"},{"ancestorTitles":["window.ts"],"duration":1,"failing":false,"failureDetails":[],"failureMessages":[],"fullName":"window.ts should return the current main window","invocations":1,"location":null,"numPassingAsserts":1,"retryReasons":[],"startAt":1760365467162,"status":"passed","title":"should return the current main window"},{"ancestorTitles":["window.ts"],"duration":2,"failing":false,"failureDetails":[],"failureMessages":[],"fullName":"window.ts should log error if loadURL fails","invocations":1,"location":null,"numPassingAsserts":1,"retryReasons":[],"startAt":1760365467164,"status":"passed","title":"should log error if loadURL fails"},{"ancestorTitles":["window.ts"],"duration":2,"failing":false,"failureDetails":[],"failureMessages":[],"fullName":"window.ts should reset mainWindow to null when closed","invocations":1,"location":null,"numPassingAsserts":2,"retryReasons":[],"startAt":1760365467167,"status":"passed","title":"should reset mainWindow to null when closed"}],"endTime":1760365467171,"message":"","name":"C:\\Users\\au760410\\OneDrive - Aarhus universitet\\Desktop\\INTO-CPS-App_Forked\\into-cps-application\\tests\\unit\\electron\\gui\\window.test.ts","startTime":1760365447481,"status":"passed","summary":""},{"assertionResults":[{"ancestorTitles":["cosimulationAPI"],"duration":46,"failing":false,"failureDetails":[],"failureMessages":[],"fullName":"cosimulationAPI calls ipcRenderer.invoke for maestro","invocations":1,"location":null,"numPassingAsserts":1,"retryReasons":[],"startAt":1760365467128,"status":"passed","title":"calls ipcRenderer.invoke for maestro"},{"ancestorTitles":["cosimulationAPI"],"duration":6,"failing":false,"failureDetails":[],"failureMessages":[],"fullName":"cosimulationAPI registers and unregisters simulation-status listener","invocations":1,"location":null,"numPassingAsserts":2,"retryReasons":[],"startAt":1760365467175,"status":"passed","title":"registers and unregisters simulation-status listener"},{"ancestorTitles":["cosimulationAPI"],"duration":9,"failing":false,"failureDetails":[],"failureMessages":[],"fullName":"cosimulationAPI adds and removes coe-error listener","invocations":1,"location":null,"numPassingAsserts":3,"retryReasons":[],"startAt":1760365467181,"status":"passed","title":"adds and removes coe-error listener"},{"ancestorTitles":["cosimulationAPI"],"duration":5,"failing":false,"failureDetails":[],"failureMessages":[],"fullName":"cosimulationAPI adds and removes coe-reset listener","invocations":1,"location":null,"numPassingAsserts":2,"retryReasons":[],"startAt":1760365467190,"status":"passed","title":"adds and removes coe-reset listener"},{"ancestorTitles":["cosimulationAPI"],"duration":4,"failing":false,"failureDetails":[],"failureMessages":[],"fullName":"cosimulationAPI uses generic on and off correctly","invocations":1,"location":null,"numPassingAsserts":3,"retryReasons":[],"startAt":1760365467195,"status":"passed","title":"uses generic on and off correctly"},{"ancestorTitles":["cosimulationAPI"],"duration":6,"failing":false,"failureDetails":[],"failureMessages":[],"fullName":"cosimulationAPI invokes getConfig","invocations":1,"location":null,"numPassingAsserts":1,"retryReasons":[],"startAt":1760365467200,"status":"passed","title":"invokes getConfig"},{"ancestorTitles":["cosimulationAPI"],"duration":11,"failing":false,"failureDetails":[],"failureMessages":[],"fullName":"cosimulationAPI invokes getLatestResultFolder","invocations":1,"location":null,"numPassingAsserts":1,"retryReasons":[],"startAt":1760365467206,"status":"passed","title":"invokes getLatestResultFolder"}],"endTime":1760365467219,"message":"","name":"C:\\Users\\au760410\\OneDrive - Aarhus universitet\\Desktop\\INTO-CPS-App_Forked\\into-cps-application\\tests\\unit\\cosimulation\\cosimulationApi.test.ts","startTime":1760365465185,"status":"passed","summary":""},{"assertionResults":[{"ancestorTitles":["Logger"],"duration":9,"failing":false,"failureDetails":[],"failureMessages":[],"fullName":"Logger should set up logger with file","invocations":1,"location":null,"numPassingAsserts":0,"retryReasons":[],"startAt":1760365467687,"status":"passed","title":"should set up logger with file"},{"ancestorTitles":["Logger"],"duration":16,"failing":false,"failureDetails":[],"failureMessages":[],"fullName":"Logger should fallback to console if logger is not set","invocations":1,"location":null,"numPassingAsserts":3,"retryReasons":[],"startAt":1760365467697,"status":"passed","title":"should fallback to console if logger is not set"},{"ancestorTitles":["Logger"],"duration":2,"failing":false,"failureDetails":[],"failureMessages":[],"fullName":"Logger should create log directory and configure logger correctly","invocations":1,"location":null,"numPassingAsserts":3,"retryReasons":[],"startAt":1760365467714,"status":"passed","title":"should create log directory and configure logger correctly"}],"endTime":1760365467717,"message":"","name":"C:\\Users\\au760410\\OneDrive - Aarhus universitet\\Desktop\\INTO-CPS-App_Forked\\into-cps-application\\tests\\unit\\utils\\logger.test.ts","startTime":1760365466310,"status":"passed","summary":""},{"assertionResults":[{"ancestorTitles":["SimulationStatus"],"duration":4,"failing":false,"failureDetails":[],"failureMessages":[],"fullName":"SimulationStatus should contain correct simulation statuses","invocations":1,"location":null,"numPassingAsserts":6,"retryReasons":[],"startAt":1760365467810,"status":"passed","title":"should contain correct simulation statuses"},{"ancestorTitles":["MaestroStatus"],"duration":3,"failing":false,"failureDetails":[],"failureMessages":[],"fullName":"MaestroStatus should contain correct maestro statuses","invocations":1,"location":null,"numPassingAsserts":10,"retryReasons":[],"startAt":1760365467815,"status":"passed","title":"should contain correct maestro statuses"},{"ancestorTitles":["MaestroStatus"],"duration":2,"failing":false,"failureDetails":[],"failureMessages":[],"fullName":"MaestroStatus should correctly generate port in use message","invocations":1,"location":null,"numPassingAsserts":2,"retryReasons":[],"startAt":1760365467818,"status":"passed","title":"should correctly generate port in use message"}],"endTime":1760365467822,"message":"","name":"C:\\Users\\au760410\\OneDrive - Aarhus universitet\\Desktop\\INTO-CPS-App_Forked\\into-cps-application\\tests\\unit\\utils\\constants\\cosimulation\\statuses.test.ts","startTime":1760365466230,"status":"passed","summary":""},{"assertionResults":[{"ancestorTitles":["errorHandler"],"duration":3,"failing":false,"failureDetails":[],"failureMessages":[],"fullName":"errorHandler handles error in renderer","invocations":1,"location":null,"numPassingAsserts":0,"retryReasons":[],"startAt":1760365468354,"status":"passed","title":"handles error in renderer"},{"ancestorTitles":["errorHandler"],"duration":8,"failing":false,"failureDetails":[],"failureMessages":[],"fullName":"errorHandler handles error in main","invocations":1,"location":null,"numPassingAsserts":1,"retryReasons":[],"startAt":1760365468358,"status":"passed","title":"handles error in main"},{"ancestorTitles":["errorHandler"],"duration":6,"failing":false,"failureDetails":[],"failureMessages":[],"fullName":"errorHandler logs warning on unknown process type","invocations":1,"location":null,"numPassingAsserts":1,"retryReasons":[],"startAt":1760365468366,"status":"passed","title":"logs warning on unknown process type"},{"ancestorTitles":["sendNotification"],"duration":3,"failing":false,"failureDetails":[],"failureMessages":[],"fullName":"sendNotification sends notification in renderer","invocations":1,"location":null,"numPassingAsserts":1,"retryReasons":[],"startAt":1760365468373,"status":"passed","title":"sends notification in renderer"},{"ancestorTitles":["sendNotification"],"duration":6,"failing":false,"failureDetails":[],"failureMessages":[],"fullName":"sendNotification sends notification in main process (browser)","invocations":1,"location":null,"numPassingAsserts":1,"retryReasons":[],"startAt":1760365468376,"status":"passed","title":"sends notification in main process (browser)"},{"ancestorTitles":["sendNotification"],"duration":6,"failing":false,"failureDetails":[],"failureMessages":[],"fullName":"sendNotification logs warning on unknown process type (sendNotification)","invocations":1,"location":null,"numPassingAsserts":1,"retryReasons":[],"startAt":1760365468382,"status":"passed","title":"logs warning on unknown process type (sendNotification)"}],"endTime":1760365468389,"message":"","name":"C:\\Users\\au760410\\OneDrive - Aarhus universitet\\Desktop\\INTO-CPS-App_Forked\\into-cps-application\\tests\\unit\\utils\\errorHandler.test.ts","startTime":1760365467049,"status":"passed","summary":""},{"assertionResults":[{"ancestorTitles":["getExeca"],"duration":8,"failing":false,"failureDetails":[],"failureMessages":[],"fullName":"getExeca loads execa module once and returns its .execa property","invocations":1,"location":null,"numPassingAsserts":2,"retryReasons":[],"startAt":1760365468382,"status":"passed","title":"loads execa module once and returns its .execa property"}],"endTime":1760365468392,"message":"","name":"C:\\Users\\au760410\\OneDrive - Aarhus universitet\\Desktop\\INTO-CPS-App_Forked\\into-cps-application\\tests\\unit\\utils\\execaWrapper.test.ts","startTime":1760365467084,"status":"passed","summary":""},{"assertionResults":[{"ancestorTitles":["colorsConstant"],"duration":7,"failing":false,"failureDetails":[],"failureMessages":[],"fullName":"colorsConstant should contain correct values for lightColors","invocations":1,"location":null,"numPassingAsserts":3,"retryReasons":[],"startAt":1760365468466,"status":"passed","title":"should contain correct values for lightColors"},{"ancestorTitles":["colorsConstant"],"duration":2,"failing":false,"failureDetails":[],"failureMessages":[],"fullName":"colorsConstant should contain correct values for darkColors","invocations":1,"location":null,"numPassingAsserts":3,"retryReasons":[],"startAt":1760365468474,"status":"passed","title":"should contain correct values for darkColors"},{"ancestorTitles":["styleConstants"],"duration":1,"failing":false,"failureDetails":[],"failureMessages":[],"fullName":"styleConstants should contain correct style constants","invocations":1,"location":null,"numPassingAsserts":1,"retryReasons":[],"startAt":1760365468477,"status":"passed","title":"should contain correct style constants"}],"endTime":1760365468480,"message":"","name":"C:\\Users\\au760410\\OneDrive - Aarhus universitet\\Desktop\\INTO-CPS-App_Forked\\into-cps-application\\tests\\unit\\utils\\style.test.ts","startTime":1760365467036,"status":"passed","summary":""},{"assertionResults":[{"ancestorTitles":["themeManager"],"duration":10,"failing":false,"failureDetails":[],"failureMessages":[],"fullName":"themeManager sends dark-mode-update to main and graph windows and updates currentDarkMode","invocations":1,"location":null,"numPassingAsserts":3,"retryReasons":[],"startAt":1760365468470,"status":"passed","title":"sends dark-mode-update to main and graph windows and updates currentDarkMode"},{"ancestorTitles":["themeManager"],"duration":5,"failing":false,"failureDetails":[],"failureMessages":[],"fullName":"themeManager does not throw when no windows exist and still updates currentDarkMode","invocations":1,"location":null,"numPassingAsserts":2,"retryReasons":[],"startAt":1760365468480,"status":"passed","title":"does not throw when no windows exist and still updates currentDarkMode"},{"ancestorTitles":["themeManager"],"duration":3,"failing":false,"failureDetails":[],"failureMessages":[],"fullName":"themeManager skips windows missing webContents without throwing","invocations":1,"location":null,"numPassingAsserts":2,"retryReasons":[],"startAt":1760365468486,"status":"passed","title":"skips windows missing webContents without throwing"}],"endTime":1760365468492,"message":"","name":"C:\\Users\\au760410\\OneDrive - Aarhus universitet\\Desktop\\INTO-CPS-App_Forked\\into-cps-application\\tests\\unit\\utils\\themeManager.test.ts","startTime":1760365466984,"status":"passed","summary":""},{"assertionResults":[{"ancestorTitles":["openGraphHtmlWindow"],"duration":8833,"failing":false,"failureDetails":[],"failureMessages":[],"fullName":"openGraphHtmlWindow should focus existing window if not destroyed and not minimized","invocations":1,"location":null,"numPassingAsserts":3,"retryReasons":[],"startAt":1760365457864,"status":"passed","title":"should focus existing window if not destroyed and not minimized"},{"ancestorTitles":["openGraphHtmlWindow"],"duration":5,"failing":false,"failureDetails":[],"failureMessages":[],"fullName":"openGraphHtmlWindow should restore and focus existing minimized window","invocations":1,"location":null,"numPassingAsserts":3,"retryReasons":[],"startAt":1760365466698,"status":"passed","title":"should restore and focus existing minimized window"},{"ancestorTitles":["openGraphHtmlWindow"],"duration":1053,"failing":false,"failureDetails":[],"failureMessages":[],"fullName":"openGraphHtmlWindow should create a new BrowserWindow if none exists or destroyed","invocations":1,"location":null,"numPassingAsserts":4,"retryReasons":[],"startAt":1760365466703,"status":"passed","title":"should create a new BrowserWindow if none exists or destroyed"},{"ancestorTitles":["openGraphHtmlWindow"],"duration":850,"failing":false,"failureDetails":[],"failureMessages":[],"fullName":"openGraphHtmlWindow should load file URL in production mode","invocations":1,"location":null,"numPassingAsserts":1,"retryReasons":[],"startAt":1760365467757,"status":"passed","title":"should load file URL in production mode"},{"ancestorTitles":["openGraphHtmlWindow"],"duration":3,"failing":false,"failureDetails":[],"failureMessages":[],"fullName":"openGraphHtmlWindow should set graphWindow to null on close event","invocations":1,"location":null,"numPassingAsserts":2,"retryReasons":[],"startAt":1760365468608,"status":"passed","title":"should set graphWindow to null on close event"},{"ancestorTitles":["openGraphHtmlWindow"],"duration":2,"failing":false,"failureDetails":[],"failureMessages":[],"fullName":"openGraphHtmlWindow should show window on ready-to-show","invocations":1,"location":null,"numPassingAsserts":2,"retryReasons":[],"startAt":1760365468611,"status":"passed","title":"should show window on ready-to-show"},{"ancestorTitles":["openGraphHtmlWindow"],"duration":7,"failing":false,"failureDetails":[],"failureMessages":[],"fullName":"openGraphHtmlWindow should send dark-mode-update when window already exists","invocations":1,"location":null,"numPassingAsserts":2,"retryReasons":[],"startAt":1760365468614,"status":"passed","title":"should send dark-mode-update when window already exists"},{"ancestorTitles":["openGraphHtmlWindow"],"duration":3,"failing":false,"failureDetails":[],"failureMessages":[],"fullName":"openGraphHtmlWindow should send dark-mode-update after ready-to-show timeout","invocations":1,"location":null,"numPassingAsserts":1,"retryReasons":[],"startAt":1760365468621,"status":"passed","title":"should send dark-mode-update after ready-to-show timeout"}],"endTime":1760365468627,"message":"","name":"C:\\Users\\au760410\\OneDrive - Aarhus universitet\\Desktop\\INTO-CPS-App_Forked\\into-cps-application\\tests\\unit\\electron\\gui\\livePlottingWindow.test.ts","startTime":1760365447622,"status":"passed","summary":""},{"assertionResults":[{"ancestorTitles":["Main component"],"duration":70,"failing":false,"failureDetails":[],"failureMessages":[],"fullName":"Main component renders the welcome heading","invocations":1,"location":null,"numPassingAsserts":1,"retryReasons":[],"startAt":1760365477150,"status":"passed","title":"renders the welcome heading"},{"ancestorTitles":["Main component"],"duration":11,"failing":false,"failureDetails":[],"failureMessages":[],"fullName":"Main component renders the welcome message","invocations":1,"location":null,"numPassingAsserts":1,"retryReasons":[],"startAt":1760365477221,"status":"passed","title":"renders the welcome message"},{"ancestorTitles":["Main component"],"duration":5,"failing":false,"failureDetails":[],"failureMessages":[],"fullName":"Main component renders the application version","invocations":1,"location":null,"numPassingAsserts":2,"retryReasons":[],"startAt":1760365477232,"status":"passed","title":"renders the application version"},{"ancestorTitles":["Main component"],"duration":4,"failing":false,"failureDetails":[],"failureMessages":[],"fullName":"Main component renders the SimulationGuide component","invocations":1,"location":null,"numPassingAsserts":1,"retryReasons":[],"startAt":1760365477237,"status":"passed","title":"renders the SimulationGuide component"}],"endTime":1760365477242,"message":"","name":"C:\\Users\\au760410\\OneDrive - Aarhus universitet\\Desktop\\INTO-CPS-App_Forked\\into-cps-application\\tests\\unit\\components\\Main.test.tsx","startTime":1760365447468,"status":"passed","summary":""},{"assertionResults":[{"ancestorTitles":["ErrorSnackbar"],"duration":24,"failing":false,"failureDetails":[],"failureMessages":[],"fullName":"ErrorSnackbar registers error and notification listeners on mount","invocations":1,"location":null,"numPassingAsserts":2,"retryReasons":[],"startAt":1760365477135,"status":"passed","title":"registers error and notification listeners on mount"},{"ancestorTitles":["ErrorSnackbar"],"duration":3,"failing":false,"failureDetails":[],"failureMessages":[],"fullName":"ErrorSnackbar removes error and notification listeners on unmount","invocations":1,"location":null,"numPassingAsserts":2,"retryReasons":[],"startAt":1760365477160,"status":"passed","title":"removes error and notification listeners on unmount"},{"ancestorTitles":["ErrorSnackbar"],"duration":39,"failing":false,"failureDetails":[],"failureMessages":[],"fullName":"ErrorSnackbar displays an error message when error listener is triggered","invocations":1,"location":null,"numPassingAsserts":1,"retryReasons":[],"startAt":1760365477163,"status":"passed","title":"displays an error message when error listener is triggered"},{"ancestorTitles":["ErrorSnackbar"],"duration":56,"failing":false,"failureDetails":[],"failureMessages":[],"fullName":"ErrorSnackbar displays a notification message with type \"info\"","invocations":1,"location":null,"numPassingAsserts":2,"retryReasons":[],"startAt":1760365477202,"status":"passed","title":"displays a notification message with type \"info\""},{"ancestorTitles":["ErrorSnackbar"],"duration":41,"failing":false,"failureDetails":[],"failureMessages":[],"fullName":"ErrorSnackbar closes the snackbar when onClose is triggered","invocations":1,"location":null,"numPassingAsserts":1,"retryReasons":[],"startAt":1760365477258,"status":"passed","title":"closes the snackbar when onClose is triggered"}],"endTime":1760365477300,"message":"","name":"C:\\Users\\au760410\\OneDrive - Aarhus universitet\\Desktop\\INTO-CPS-App_Forked\\into-cps-application\\tests\\unit\\components\\ErrorSnackbar.test.tsx","startTime":1760365451971,"status":"passed","summary":""},{"assertionResults":[{"ancestorTitles":["Sidebar component"],"duration":58,"failing":false,"failureDetails":[],"failureMessages":[],"fullName":"Sidebar component renders closed sidebar correctly","invocations":1,"location":null,"numPassingAsserts":2,"retryReasons":[],"startAt":1760365477142,"status":"passed","title":"renders closed sidebar correctly"},{"ancestorTitles":["Sidebar component"],"duration":13,"failing":false,"failureDetails":[],"failureMessages":[],"fullName":"Sidebar component renders open sidebar with navigation items","invocations":1,"location":null,"numPassingAsserts":2,"retryReasons":[],"startAt":1760365477201,"status":"passed","title":"renders open sidebar with navigation items"},{"ancestorTitles":["Sidebar component"],"duration":71,"failing":false,"failureDetails":[],"failureMessages":[],"fullName":"Sidebar component calls toggleSidebar when icon button is clicked","invocations":1,"location":null,"numPassingAsserts":1,"retryReasons":[],"startAt":1760365477215,"status":"passed","title":"calls toggleSidebar when icon button is clicked"},{"ancestorTitles":["Sidebar component"],"duration":26,"failing":false,"failureDetails":[],"failureMessages":[],"fullName":"Sidebar component switches to responsive mode on small window width","invocations":1,"location":null,"numPassingAsserts":3,"retryReasons":[],"startAt":1760365477286,"status":"passed","title":"switches to responsive mode on small window width"}],"endTime":1760365477314,"message":"","name":"C:\\Users\\au760410\\OneDrive - Aarhus universitet\\Desktop\\INTO-CPS-App_Forked\\into-cps-application\\tests\\unit\\components\\Sidebar.test.tsx","startTime":1760365447372,"status":"passed","summary":""},{"assertionResults":[{"ancestorTitles":["CoSimulation component"],"duration":36,"failing":false,"failureDetails":[],"failureMessages":[],"fullName":"CoSimulation component renders the title and simulation status","invocations":1,"location":null,"numPassingAsserts":2,"retryReasons":[],"startAt":1760365477281,"status":"passed","title":"renders the title and simulation status"},{"ancestorTitles":["CoSimulation component"],"duration":7,"failing":false,"failureDetails":[],"failureMessages":[],"fullName":"CoSimulation component displays an error message if there is an error","invocations":1,"location":null,"numPassingAsserts":1,"retryReasons":[],"startAt":1760365477317,"status":"passed","title":"displays an error message if there is an error"},{"ancestorTitles":["CoSimulation component"],"duration":6,"failing":false,"failureDetails":[],"failureMessages":[],"fullName":"CoSimulation component displays the results path when available","invocations":1,"location":null,"numPassingAsserts":1,"retryReasons":[],"startAt":1760365477324,"status":"passed","title":"displays the results path when available"},{"ancestorTitles":["CoSimulation component"],"duration":4,"failing":false,"failureDetails":[],"failureMessages":[],"fullName":"CoSimulation component handles simulation-status events with a valid status","invocations":1,"location":null,"numPassingAsserts":1,"retryReasons":[],"startAt":1760365477330,"status":"passed","title":"handles simulation-status events with a valid status"},{"ancestorTitles":["CoSimulation component"],"duration":5,"failing":false,"failureDetails":[],"failureMessages":[],"fullName":"CoSimulation component handles simulation-status events with an unknown status (falls back to Idle)","invocations":1,"location":null,"numPassingAsserts":1,"retryReasons":[],"startAt":1760365477334,"status":"passed","title":"handles simulation-status events with an unknown status (falls back to Idle)"}],"endTime":1760365477340,"message":"","name":"C:\\Users\\au760410\\OneDrive - Aarhus universitet\\Desktop\\INTO-CPS-App_Forked\\into-cps-application\\tests\\unit\\components\\Cosimulation\\Cosimulation.test.tsx","startTime":1760365449649,"status":"passed","summary":""},{"assertionResults":[{"ancestorTitles":["useLivePlottingData"],"duration":33,"failing":false,"failureDetails":[],"failureMessages":[],"fullName":"useLivePlottingData initializes with empty data and defaults","invocations":1,"location":null,"numPassingAsserts":3,"retryReasons":[],"startAt":1760365467065,"status":"passed","title":"initializes with empty data and defaults"},{"ancestorTitles":["useLivePlottingData"],"duration":10,"failing":false,"failureDetails":[],"failureMessages":[],"fullName":"useLivePlottingData updates data on valid websocket message","invocations":1,"location":null,"numPassingAsserts":3,"retryReasons":[],"startAt":1760365467099,"status":"passed","title":"updates data on valid websocket message"},{"ancestorTitles":["useLivePlottingData"],"duration":15650,"failing":false,"failureDetails":[],"failureMessages":[],"fullName":"useLivePlottingData truncates data to MAX_POINTS","invocations":1,"location":null,"numPassingAsserts":2,"retryReasons":[],"startAt":1760365467109,"status":"passed","title":"truncates data to MAX_POINTS"},{"ancestorTitles":["useLivePlottingData"],"duration":2,"failing":false,"failureDetails":[],"failureMessages":[],"fullName":"useLivePlottingData sets autoZoomEnd on websocket close","invocations":1,"location":null,"numPassingAsserts":1,"retryReasons":[],"startAt":1760365482759,"status":"passed","title":"sets autoZoomEnd on websocket close"},{"ancestorTitles":["useLivePlottingData"],"duration":2,"failing":false,"failureDetails":[],"failureMessages":[],"fullName":"useLivePlottingData ignores invalid websocket messages","invocations":1,"location":null,"numPassingAsserts":1,"retryReasons":[],"startAt":1760365482761,"status":"passed","title":"ignores invalid websocket messages"},{"ancestorTitles":["useLivePlottingData"],"duration":2,"failing":false,"failureDetails":[],"failureMessages":[],"fullName":"useLivePlottingData warns on invalid timestamp values","invocations":1,"location":null,"numPassingAsserts":2,"retryReasons":[],"startAt":1760365482763,"status":"passed","title":"warns on invalid timestamp values"},{"ancestorTitles":["useLivePlottingData"],"duration":2,"failing":false,"failureDetails":[],"failureMessages":[],"fullName":"useLivePlottingData updates existing data point when same timestamp occurs","invocations":1,"location":null,"numPassingAsserts":4,"retryReasons":[],"startAt":1760365482765,"status":"passed","title":"updates existing data point when same timestamp occurs"},{"ancestorTitles":["getChartOption & extractSignals"],"duration":2,"failing":false,"failureDetails":[],"failureMessages":[],"fullName":"getChartOption & extractSignals builds series correctly from data","invocations":1,"location":null,"numPassingAsserts":3,"retryReasons":[],"startAt":1760365482767,"status":"passed","title":"builds series correctly from data"},{"ancestorTitles":["getChartOption & extractSignals"],"duration":0,"failing":false,"failureDetails":[],"failureMessages":[],"fullName":"getChartOption & extractSignals handles empty data","invocations":1,"location":null,"numPassingAsserts":1,"retryReasons":[],"startAt":1760365482769,"status":"passed","title":"handles empty data"},{"ancestorTitles":["getChartOption & extractSignals"],"duration":1,"failing":false,"failureDetails":[],"failureMessages":[],"fullName":"getChartOption & extractSignals returns empty object for non-object input","invocations":1,"location":null,"numPassingAsserts":3,"retryReasons":[],"startAt":1760365482769,"status":"passed","title":"returns empty object for non-object input"},{"ancestorTitles":["getChartOption & extractSignals"],"duration":1,"failing":false,"failureDetails":[],"failureMessages":[],"fullName":"getChartOption & extractSignals converts boolean values to numbers","invocations":1,"location":null,"numPassingAsserts":1,"retryReasons":[],"startAt":1760365482770,"status":"passed","title":"converts boolean values to numbers"},{"ancestorTitles":["getChartOption & extractSignals"],"duration":0,"failing":false,"failureDetails":[],"failureMessages":[],"fullName":"getChartOption & extractSignals calculates dataZoom start when autoZoomEnd is set","invocations":1,"location":null,"numPassingAsserts":2,"retryReasons":[],"startAt":1760365482771,"status":"passed","title":"calculates dataZoom start when autoZoomEnd is set"},{"ancestorTitles":["getChartOption & extractSignals"],"duration":1,"failing":false,"failureDetails":[],"failureMessages":[],"fullName":"getChartOption & extractSignals tooltip formatter handles arrays, duplicates and real time","invocations":1,"location":null,"numPassingAsserts":5,"retryReasons":[],"startAt":1760365482771,"status":"passed","title":"tooltip formatter handles arrays, duplicates and real time"},{"ancestorTitles":["getChartOption & extractSignals"],"duration":3,"failing":false,"failureDetails":[],"failureMessages":[],"fullName":"getChartOption & extractSignals createWebSocketWithRetry returns a close function that closes the socket and calls onOpen","invocations":1,"location":null,"numPassingAsserts":3,"retryReasons":[],"startAt":1760365482772,"status":"passed","title":"createWebSocketWithRetry returns a close function that closes the socket and calls onOpen"}],"endTime":1760365482776,"message":"","name":"C:\\Users\\au760410\\OneDrive - Aarhus universitet\\Desktop\\INTO-CPS-App_Forked\\into-cps-application\\tests\\unit\\components\\LivePlotting\\useLivePlotting.test.ts","startTime":1760365451534,"status":"passed","summary":""}],"wasInterrupted":false}
